
UUID: 7b20e9fa-6134-11ea-a4eb-d850e607d4cd
TIME  15:01:02.016972
Action: clean_html
Object: <parsing.ParsingFile object at 0x04548D50>
Status: OK
Variables:
{'article': <newspaper.article.Article object at 0x04556B50>,
 'res': 'О древнем портовом городе см. Айяс\n'
        '\n'
        'Аяш[1] (тур. Ayaş) — район Турции в иле Анкара, на высоте 910 метров '
        'над уровнем моря, в 37 километрах к северо-западу от Анкары[2][3], '
        'столицы страны. Население Шаблон:15540 человек по данным 2018 года.\n'
        '\n'
        'Место славилось медными и серебряными рудниками, а также горячими '
        'источниками[2][3].\n'
        '\n'
        'ayas.bel.tr — официальный сайт района\n'
        '\n'
        '\n'
        '\n',
 'url': 'https://ru.wikipedia.org/wiki/Аяш'}

UUID: a2919e92-6134-11ea-904e-d850e607d4cd
TIME  15:02:08.186740
Action: clean_html
Object: <parsing.ParsingFile object at 0x045486B0>
Status: OK
Variables:
{'article': <newspaper.article.Article object at 0x045565D0>,
 'res': 'Программисты сгенерировали все возможные мелодии. И сделали их '
        'общедоступными\n'
        '\n'
        'Два программиста-музыканта — Дэмиен Рил и Ноа Рубин — алгоритмически '
        'сгенерировали в MIDI-формате все возможные мелодии и записали их на '
        'жесткий диск. После этого программисты выложили записи в свободный '
        'доступ, используя лицензию Creative Commons Zero, пишет Vice.\n'
        '\n'
        'Алгоритм, созданный Рилом и Рубином, перебрал все возможные '
        'комбинации из восьми нот, образующих одну октаву, и размером 12 бит. '
        'Всего получилось 68,7 млрд комбинаций. Как утверждают разработчики, '
        'это все возможные мелодии, которые когда‑либо существовали или могут '
        'существовать. По их словам, программа способна генерировать по 300 '
        'тыс. мелодий в секунду.\n'
        '\n'
        'Реклама Рекламы нет\n'
        '\n'
        'Полученные комбинации программисты перенесли на жесткий диск в '
        'MIDI-формате, который позволяет записать мелодии при помощи цифр. Как '
        'отмечает Рил, который также является специалистом по авторскому '
        'праву, когда произведение переносится на материальный носитель, оно '
        'автоматически защищается авторским правом.\n'
        '\n'
        'Загрузка\n'
        '\n'
        'Возможность представить мелодии при помощи цифр поднимает и другой '
        'важный вопрос. «Может, если цифры существуют с начала времен, а мы их '
        'просто используем, тогда и мелодии ― просто математика, просто факты, '
        'которые не защищены авторским правом», ― задается вопросом Рил.\n'
        '\n'
        'Некоторые юристы, на которых ссылается Vice, сомневаются, что такая '
        'стратегия действительно сделает все эти мелодии общедоступными. В '
        'конечном итоге проверить ее работоспособность можно будет только в '
        'суде.\n'
        '\n'
        'Рил и Рубин запустили этот проект, чтобы защитить музыкантов от '
        'судебных исков касательно авторских прав, которые, по их мнению, '
        'душат творческую свободу. Программисты отмечают, что зачастую '
        'артистов судят за плагиат песен, которые они никогда не слышали или '
        'скопировали подсознательно. А судебные издержки на такие процессы '
        'могут достигать миллионов долларов.\n'
        '\n'
        'Скопировать ссылку ВКонтакте Ещё Telegram Чтобы скопировать ссылку, '
        'нажмите на неё и немного подержите '
        'https://yandex.ru/turbo?text=https://daily.afisha.ru/news/34736-programmisty-sgenerirovali-vse-vozmozhnye-melodii-i-vylozhili-ih-v-otkrytyy-dostup/&utm_source=share_link_button',
 'url': 'https://yandex.ru/turbo?text=https%3A%2F%2Fdaily.afisha.ru%2Fnews%2F34736-programmisty-sgenerirovali-vse-vozmozhnye-melodii-i-vylozhili-ih-v-otkrytyy-dostup%2F&promo=navbar&utm_referrer=https%3A%2F%2Fzen.yandex.com'}

UUID: a2919e92-6134-11ea-904e-d850e607d4cd
TIME  15:02:08.186740
Action: clean_html
Object: <parsing.ParsingFile object at 0x045486B0>
Status: OK
Variables:
{'article': <newspaper.article.Article object at 0x045565D0>,
 'res': 'Программисты сгенерировали все возможные мелодии. И сделали их '
        'общедоступными\n'
        '\n'
        'Два программиста-музыканта — Дэмиен Рил и Ноа Рубин — алгоритмически '
        'сгенерировали в MIDI-формате все возможные мелодии и записали их на '
        'жесткий диск. После этого программисты выложили записи в свободный '
        'доступ, используя лицензию Creative Commons Zero, пишет Vice.\n'
        '\n'
        'Алгоритм, созданный Рилом и Рубином, перебрал все возможные '
        'комбинации из восьми нот, образующих одну октаву, и размером 12 бит. '
        'Всего получилось 68,7 млрд комбинаций. Как утверждают разработчики, '
        'это все возможные мелодии, которые когда‑либо существовали или могут '
        'существовать. По их словам, программа способна генерировать по 300 '
        'тыс. мелодий в секунду.\n'
        '\n'
        'Реклама Рекламы нет\n'
        '\n'
        'Полученные комбинации программисты перенесли на жесткий диск в '
        'MIDI-формате, который позволяет записать мелодии при помощи цифр. Как '
        'отмечает Рил, который также является специалистом по авторскому '
        'праву, когда произведение переносится на материальный носитель, оно '
        'автоматически защищается авторским правом.\n'
        '\n'
        'Загрузка\n'
        '\n'
        'Возможность представить мелодии при помощи цифр поднимает и другой '
        'важный вопрос. «Может, если цифры существуют с начала времен, а мы их '
        'просто используем, тогда и мелодии ― просто математика, просто факты, '
        'которые не защищены авторским правом», ― задается вопросом Рил.\n'
        '\n'
        'Некоторые юристы, на которых ссылается Vice, сомневаются, что такая '
        'стратегия действительно сделает все эти мелодии общедоступными. В '
        'конечном итоге проверить ее работоспособность можно будет только в '
        'суде.\n'
        '\n'
        'Рил и Рубин запустили этот проект, чтобы защитить музыкантов от '
        'судебных исков касательно авторских прав, которые, по их мнению, '
        'душат творческую свободу. Программисты отмечают, что зачастую '
        'артистов судят за плагиат песен, которые они никогда не слышали или '
        'скопировали подсознательно. А судебные издержки на такие процессы '
        'могут достигать миллионов долларов.\n'
        '\n'
        'Скопировать ссылку ВКонтакте Ещё Telegram Чтобы скопировать ссылку, '
        'нажмите на неё и немного подержите '
        'https://yandex.ru/turbo?text=https://daily.afisha.ru/news/34736-programmisty-sgenerirovali-vse-vozmozhnye-melodii-i-vylozhili-ih-v-otkrytyy-dostup/&utm_source=share_link_button',
 'url': 'https://yandex.ru/turbo?text=https%3A%2F%2Fdaily.afisha.ru%2Fnews%2F34736-programmisty-sgenerirovali-vse-vozmozhnye-melodii-i-vylozhili-ih-v-otkrytyy-dostup%2F&promo=navbar&utm_referrer=https%3A%2F%2Fzen.yandex.com'}

UUID: 45552c68-613b-11ea-9638-d850e607d4cd
TIME  15:49:38.239600
Action: clean_html
Object: <parsing.ParsingFile object at 0x040259B0>
Status: OK
Variables:
{'article': <newspaper.article.Article object at 0x040254F0>,
 'res': 'Ленинский\n'
        '\n'
        'Подскажите как быть. Сняла квартиру по надобности, через агентство, '
        'отвалила комиссию. Через 2 недели начал постоянно в мое отсутствие '
        'ходить хозяин и',
 'url': 'http://yandex.ru'}

UUID: 6e9ea9e4-613b-11ea-8746-d850e607d4cd
TIME  15:50:47.507811
Action: clean_html
Object: <parsing.ParsingFile object at 0x040258F0>
Status: OK
Variables:
{'article': <newspaper.article.Article object at 0x04025F30>,
 'res': 'Ленинский\n'
        '\n'
        'Подскажите как быть. Сняла квартиру по надобности, через агентство, '
        'отвалила комиссию. Через 2 недели начал постоянно в мое отсутствие '
        'ходить хозяин и',
 'url': 'http://yandex.ru'}

UUID: 6e9ea9e4-613b-11ea-8746-d850e607d4cd
TIME  15:50:47.507811
Action: clean_html
Object: <parsing.ParsingFile object at 0x040258F0>
Status: OK
Variables:
{'article': <newspaper.article.Article object at 0x04025F30>,
 'res': 'Ленинский\n'
        '\n'
        'Подскажите как быть. Сняла квартиру по надобности, через агентство, '
        'отвалила комиссию. Через 2 недели начал постоянно в мое отсутствие '
        'ходить хозяин и',
 'url': 'http://yandex.ru'}

UUID: f81c16b4-613c-11ea-96c4-d850e607d4cd
TIME  16:01:47.674386
Action: clean_html
Object: <parsing.ParsingFile object at 0x044B6B10>
Status: OK
Variables:
{'article': <newspaper.article.Article object at 0x044B6CF0>,
 'res': 'Программисты сгенерировали все возможные мелодии. И сделали их '
        'общедоступными\n'
        '\n'
        'Два программиста-музыканта — Дэмиен Рил и Ноа Рубин — алгоритмически '
        'сгенерировали в MIDI-формате все возможные мелодии и записали их на '
        'жесткий диск. После этого программисты выложили записи в свободный '
        'доступ, используя лицензию Creative Commons Zero, пишет Vice.\n'
        '\n'
        'Алгоритм, созданный Рилом и Рубином, перебрал все возможные '
        'комбинации из восьми нот, образующих одну октаву, и размером 12 бит. '
        'Всего получилось 68,7 млрд комбинаций. Как утверждают разработчики, '
        'это все возможные мелодии, которые когда‑либо существовали или могут '
        'существовать. По их словам, программа способна генерировать по 300 '
        'тыс. мелодий в секунду.\n'
        '\n'
        'Реклама Рекламы нет\n'
        '\n'
        'Полученные комбинации программисты перенесли на жесткий диск в '
        'MIDI-формате, который позволяет записать мелодии при помощи цифр. Как '
        'отмечает Рил, который также является специалистом по авторскому '
        'праву, когда произведение переносится на материальный носитель, оно '
        'автоматически защищается авторским правом.\n'
        '\n'
        'Загрузка\n'
        '\n'
        'Возможность представить мелодии при помощи цифр поднимает и другой '
        'важный вопрос. «Может, если цифры существуют с начала времен, а мы их '
        'просто используем, тогда и мелодии ― просто математика, просто факты, '
        'которые не защищены авторским правом», ― задается вопросом Рил.\n'
        '\n'
        'Некоторые юристы, на которых ссылается Vice, сомневаются, что такая '
        'стратегия действительно сделает все эти мелодии общедоступными. В '
        'конечном итоге проверить ее работоспособность можно будет только в '
        'суде.\n'
        '\n'
        'Рил и Рубин запустили этот проект, чтобы защитить музыкантов от '
        'судебных исков касательно авторских прав, которые, по их мнению, '
        'душат творческую свободу. Программисты отмечают, что зачастую '
        'артистов судят за плагиат песен, которые они никогда не слышали или '
        'скопировали подсознательно. А судебные издержки на такие процессы '
        'могут достигать миллионов долларов.\n'
        '\n'
        'Скопировать ссылку ВКонтакте Ещё Telegram Чтобы скопировать ссылку, '
        'нажмите на неё и немного подержите '
        'https://yandex.ru/turbo?text=https://daily.afisha.ru/news/34736-programmisty-sgenerirovali-vse-vozmozhnye-melodii-i-vylozhili-ih-v-otkrytyy-dostup/&utm_source=share_link_button',
 'url': 'https://yandex.ru/turbo?text=https%3A%2F%2Fdaily.afisha.ru%2Fnews%2F34736-programmisty-sgenerirovali-vse-vozmozhnye-melodii-i-vylozhili-ih-v-otkrytyy-dostup%2F&promo=navbar&utm_referrer=https%3A%2F%2Fzen.yandex.com'}

UUID: 0741373a-613d-11ea-9958-d850e607d4cd
TIME  16:02:13.083525
Action: clean_html
Object: <parsing.ParsingFile object at 0x044A9750>
Status: OK
Variables:
{'article': <newspaper.article.Article object at 0x044B6FF0>,
 'res': 'Программисты сгенерировали все возможные мелодии. И сделали их '
        'общедоступными\n'
        '\n'
        'Два программиста-музыканта — Дэмиен Рил и Ноа Рубин — алгоритмически '
        'сгенерировали в MIDI-формате все возможные мелодии и записали их на '
        'жесткий диск. После этого программисты выложили записи в свободный '
        'доступ, используя лицензию Creative Commons Zero, пишет Vice.\n'
        '\n'
        'Алгоритм, созданный Рилом и Рубином, перебрал все возможные '
        'комбинации из восьми нот, образующих одну октаву, и размером 12 бит. '
        'Всего получилось 68,7 млрд комбинаций. Как утверждают разработчики, '
        'это все возможные мелодии, которые когда‑либо существовали или могут '
        'существовать. По их словам, программа способна генерировать по 300 '
        'тыс. мелодий в секунду.\n'
        '\n'
        'Реклама Рекламы нет\n'
        '\n'
        'Полученные комбинации программисты перенесли на жесткий диск в '
        'MIDI-формате, который позволяет записать мелодии при помощи цифр. Как '
        'отмечает Рил, который также является специалистом по авторскому '
        'праву, когда произведение переносится на материальный носитель, оно '
        'автоматически защищается авторским правом.\n'
        '\n'
        'Загрузка\n'
        '\n'
        'Возможность представить мелодии при помощи цифр поднимает и другой '
        'важный вопрос. «Может, если цифры существуют с начала времен, а мы их '
        'просто используем, тогда и мелодии ― просто математика, просто факты, '
        'которые не защищены авторским правом», ― задается вопросом Рил.\n'
        '\n'
        'Некоторые юристы, на которых ссылается Vice, сомневаются, что такая '
        'стратегия действительно сделает все эти мелодии общедоступными. В '
        'конечном итоге проверить ее работоспособность можно будет только в '
        'суде.\n'
        '\n'
        'Рил и Рубин запустили этот проект, чтобы защитить музыкантов от '
        'судебных исков касательно авторских прав, которые, по их мнению, '
        'душат творческую свободу. Программисты отмечают, что зачастую '
        'артистов судят за плагиат песен, которые они никогда не слышали или '
        'скопировали подсознательно. А судебные издержки на такие процессы '
        'могут достигать миллионов долларов.\n'
        '\n'
        'Скопировать ссылку ВКонтакте Ещё Telegram Чтобы скопировать ссылку, '
        'нажмите на неё и немного подержите '
        'https://yandex.ru/turbo?text=https://daily.afisha.ru/news/34736-programmisty-sgenerirovali-vse-vozmozhnye-melodii-i-vylozhili-ih-v-otkrytyy-dostup/&utm_source=share_link_button',
 'url': 'https://yandex.ru/turbo?text=https%3A%2F%2Fdaily.afisha.ru%2Fnews%2F34736-programmisty-sgenerirovali-vse-vozmozhnye-melodii-i-vylozhili-ih-v-otkrytyy-dostup%2F&promo=navbar&utm_referrer=https%3A%2F%2Fzen.yandex.com'}

UUID: 0741373a-613d-11ea-9958-d850e607d4cd
TIME  16:02:13.083525
Action: clean_html
Object: <parsing.ParsingFile object at 0x044A9750>
Status: OK
Variables:
{'article': <newspaper.article.Article object at 0x044B6FF0>,
 'res': 'Программисты сгенерировали все возможные мелодии. И сделали их '
        'общедоступными\n'
        '\n'
        'Два программиста-музыканта — Дэмиен Рил и Ноа Рубин — алгоритмически '
        'сгенерировали в MIDI-формате все возможные мелодии и записали их на '
        'жесткий диск. После этого программисты выложили записи в свободный '
        'доступ, используя лицензию Creative Commons Zero, пишет Vice.\n'
        '\n'
        'Алгоритм, созданный Рилом и Рубином, перебрал все возможные '
        'комбинации из восьми нот, образующих одну октаву, и размером 12 бит. '
        'Всего получилось 68,7 млрд комбинаций. Как утверждают разработчики, '
        'это все возможные мелодии, которые когда‑либо существовали или могут '
        'существовать. По их словам, программа способна генерировать по 300 '
        'тыс. мелодий в секунду.\n'
        '\n'
        'Реклама Рекламы нет\n'
        '\n'
        'Полученные комбинации программисты перенесли на жесткий диск в '
        'MIDI-формате, который позволяет записать мелодии при помощи цифр. Как '
        'отмечает Рил, который также является специалистом по авторскому '
        'праву, когда произведение переносится на материальный носитель, оно '
        'автоматически защищается авторским правом.\n'
        '\n'
        'Загрузка\n'
        '\n'
        'Возможность представить мелодии при помощи цифр поднимает и другой '
        'важный вопрос. «Может, если цифры существуют с начала времен, а мы их '
        'просто используем, тогда и мелодии ― просто математика, просто факты, '
        'которые не защищены авторским правом», ― задается вопросом Рил.\n'
        '\n'
        'Некоторые юристы, на которых ссылается Vice, сомневаются, что такая '
        'стратегия действительно сделает все эти мелодии общедоступными. В '
        'конечном итоге проверить ее работоспособность можно будет только в '
        'суде.\n'
        '\n'
        'Рил и Рубин запустили этот проект, чтобы защитить музыкантов от '
        'судебных исков касательно авторских прав, которые, по их мнению, '
        'душат творческую свободу. Программисты отмечают, что зачастую '
        'артистов судят за плагиат песен, которые они никогда не слышали или '
        'скопировали подсознательно. А судебные издержки на такие процессы '
        'могут достигать миллионов долларов.\n'
        '\n'
        'Скопировать ссылку ВКонтакте Ещё Telegram Чтобы скопировать ссылку, '
        'нажмите на неё и немного подержите '
        'https://yandex.ru/turbo?text=https://daily.afisha.ru/news/34736-programmisty-sgenerirovali-vse-vozmozhnye-melodii-i-vylozhili-ih-v-otkrytyy-dostup/&utm_source=share_link_button',
 'url': 'https://yandex.ru/turbo?text=https%3A%2F%2Fdaily.afisha.ru%2Fnews%2F34736-programmisty-sgenerirovali-vse-vozmozhnye-melodii-i-vylozhili-ih-v-otkrytyy-dostup%2F&promo=navbar&utm_referrer=https%3A%2F%2Fzen.yandex.com'}

UUID: 134a6158-613d-11ea-b42c-d850e607d4cd
TIME  16:02:33.276245
Action: clean_html
Object: <parsing.ParsingFile object at 0x044B6D70>
Status: OK
Variables:
{'article': <newspaper.article.Article object at 0x0454C370>,
 'res': 'Программисты сгенерировали все возможные мелодии. И сделали их '
        'общедоступными\n'
        '\n'
        'Два программиста-музыканта — Дэмиен Рил и Ноа Рубин — алгоритмически '
        'сгенерировали в MIDI-формате все возможные мелодии и записали их на '
        'жесткий диск. После этого программисты выложили записи в свободный '
        'доступ, используя лицензию Creative Commons Zero, пишет Vice.\n'
        '\n'
        'Алгоритм, созданный Рилом и Рубином, перебрал все возможные '
        'комбинации из восьми нот, образующих одну октаву, и размером 12 бит. '
        'Всего получилось 68,7 млрд комбинаций. Как утверждают разработчики, '
        'это все возможные мелодии, которые когда‑либо существовали или могут '
        'существовать. По их словам, программа способна генерировать по 300 '
        'тыс. мелодий в секунду.\n'
        '\n'
        'Реклама Рекламы нет\n'
        '\n'
        'Полученные комбинации программисты перенесли на жесткий диск в '
        'MIDI-формате, который позволяет записать мелодии при помощи цифр. Как '
        'отмечает Рил, который также является специалистом по авторскому '
        'праву, когда произведение переносится на материальный носитель, оно '
        'автоматически защищается авторским правом.\n'
        '\n'
        'Загрузка\n'
        '\n'
        'Возможность представить мелодии при помощи цифр поднимает и другой '
        'важный вопрос. «Может, если цифры существуют с начала времен, а мы их '
        'просто используем, тогда и мелодии ― просто математика, просто факты, '
        'которые не защищены авторским правом», ― задается вопросом Рил.\n'
        '\n'
        'Некоторые юристы, на которых ссылается Vice, сомневаются, что такая '
        'стратегия действительно сделает все эти мелодии общедоступными. В '
        'конечном итоге проверить ее работоспособность можно будет только в '
        'суде.\n'
        '\n'
        'Рил и Рубин запустили этот проект, чтобы защитить музыкантов от '
        'судебных исков касательно авторских прав, которые, по их мнению, '
        'душат творческую свободу. Программисты отмечают, что зачастую '
        'артистов судят за плагиат песен, которые они никогда не слышали или '
        'скопировали подсознательно. А судебные издержки на такие процессы '
        'могут достигать миллионов долларов.\n'
        '\n'
        'Скопировать ссылку ВКонтакте Ещё Telegram Чтобы скопировать ссылку, '
        'нажмите на неё и немного подержите '
        'https://yandex.ru/turbo?text=https://daily.afisha.ru/news/34736-programmisty-sgenerirovali-vse-vozmozhnye-melodii-i-vylozhili-ih-v-otkrytyy-dostup/&utm_source=share_link_button',
 'url': 'https://yandex.ru/turbo?text=https%3A%2F%2Fdaily.afisha.ru%2Fnews%2F34736-programmisty-sgenerirovali-vse-vozmozhnye-melodii-i-vylozhili-ih-v-otkrytyy-dostup%2F&promo=navbar&utm_referrer=https%3A%2F%2Fzen.yandex.com'}

UUID: 134a6158-613d-11ea-b42c-d850e607d4cd
TIME  16:02:33.276245
Action: clean_html
Object: <parsing.ParsingFile object at 0x044B6D70>
Status: OK
Variables:
{'article': <newspaper.article.Article object at 0x0454C370>,
 'res': 'Программисты сгенерировали все возможные мелодии. И сделали их '
        'общедоступными\n'
        '\n'
        'Два программиста-музыканта — Дэмиен Рил и Ноа Рубин — алгоритмически '
        'сгенерировали в MIDI-формате все возможные мелодии и записали их на '
        'жесткий диск. После этого программисты выложили записи в свободный '
        'доступ, используя лицензию Creative Commons Zero, пишет Vice.\n'
        '\n'
        'Алгоритм, созданный Рилом и Рубином, перебрал все возможные '
        'комбинации из восьми нот, образующих одну октаву, и размером 12 бит. '
        'Всего получилось 68,7 млрд комбинаций. Как утверждают разработчики, '
        'это все возможные мелодии, которые когда‑либо существовали или могут '
        'существовать. По их словам, программа способна генерировать по 300 '
        'тыс. мелодий в секунду.\n'
        '\n'
        'Реклама Рекламы нет\n'
        '\n'
        'Полученные комбинации программисты перенесли на жесткий диск в '
        'MIDI-формате, который позволяет записать мелодии при помощи цифр. Как '
        'отмечает Рил, который также является специалистом по авторскому '
        'праву, когда произведение переносится на материальный носитель, оно '
        'автоматически защищается авторским правом.\n'
        '\n'
        'Загрузка\n'
        '\n'
        'Возможность представить мелодии при помощи цифр поднимает и другой '
        'важный вопрос. «Может, если цифры существуют с начала времен, а мы их '
        'просто используем, тогда и мелодии ― просто математика, просто факты, '
        'которые не защищены авторским правом», ― задается вопросом Рил.\n'
        '\n'
        'Некоторые юристы, на которых ссылается Vice, сомневаются, что такая '
        'стратегия действительно сделает все эти мелодии общедоступными. В '
        'конечном итоге проверить ее работоспособность можно будет только в '
        'суде.\n'
        '\n'
        'Рил и Рубин запустили этот проект, чтобы защитить музыкантов от '
        'судебных исков касательно авторских прав, которые, по их мнению, '
        'душат творческую свободу. Программисты отмечают, что зачастую '
        'артистов судят за плагиат песен, которые они никогда не слышали или '
        'скопировали подсознательно. А судебные издержки на такие процессы '
        'могут достигать миллионов долларов.\n'
        '\n'
        'Скопировать ссылку ВКонтакте Ещё Telegram Чтобы скопировать ссылку, '
        'нажмите на неё и немного подержите '
        'https://yandex.ru/turbo?text=https://daily.afisha.ru/news/34736-programmisty-sgenerirovali-vse-vozmozhnye-melodii-i-vylozhili-ih-v-otkrytyy-dostup/&utm_source=share_link_button',
 'url': 'https://yandex.ru/turbo?text=https%3A%2F%2Fdaily.afisha.ru%2Fnews%2F34736-programmisty-sgenerirovali-vse-vozmozhnye-melodii-i-vylozhili-ih-v-otkrytyy-dostup%2F&promo=navbar&utm_referrer=https%3A%2F%2Fzen.yandex.com'}

UUID: 134a6158-613d-11ea-b42c-d850e607d4cd
TIME  16:02:33.276245
Action: clean_html
Object: <parsing.ParsingFile object at 0x044B6D70>
Status: OK
Variables:
{'article': <newspaper.article.Article object at 0x0454C370>,
 'res': 'Программисты сгенерировали все возможные мелодии. И сделали их '
        'общедоступными\n'
        '\n'
        'Два программиста-музыканта — Дэмиен Рил и Ноа Рубин — алгоритмически '
        'сгенерировали в MIDI-формате все возможные мелодии и записали их на '
        'жесткий диск. После этого программисты выложили записи в свободный '
        'доступ, используя лицензию Creative Commons Zero, пишет Vice.\n'
        '\n'
        'Алгоритм, созданный Рилом и Рубином, перебрал все возможные '
        'комбинации из восьми нот, образующих одну октаву, и размером 12 бит. '
        'Всего получилось 68,7 млрд комбинаций. Как утверждают разработчики, '
        'это все возможные мелодии, которые когда‑либо существовали или могут '
        'существовать. По их словам, программа способна генерировать по 300 '
        'тыс. мелодий в секунду.\n'
        '\n'
        'Реклама Рекламы нет\n'
        '\n'
        'Полученные комбинации программисты перенесли на жесткий диск в '
        'MIDI-формате, который позволяет записать мелодии при помощи цифр. Как '
        'отмечает Рил, который также является специалистом по авторскому '
        'праву, когда произведение переносится на материальный носитель, оно '
        'автоматически защищается авторским правом.\n'
        '\n'
        'Загрузка\n'
        '\n'
        'Возможность представить мелодии при помощи цифр поднимает и другой '
        'важный вопрос. «Может, если цифры существуют с начала времен, а мы их '
        'просто используем, тогда и мелодии ― просто математика, просто факты, '
        'которые не защищены авторским правом», ― задается вопросом Рил.\n'
        '\n'
        'Некоторые юристы, на которых ссылается Vice, сомневаются, что такая '
        'стратегия действительно сделает все эти мелодии общедоступными. В '
        'конечном итоге проверить ее работоспособность можно будет только в '
        'суде.\n'
        '\n'
        'Рил и Рубин запустили этот проект, чтобы защитить музыкантов от '
        'судебных исков касательно авторских прав, которые, по их мнению, '
        'душат творческую свободу. Программисты отмечают, что зачастую '
        'артистов судят за плагиат песен, которые они никогда не слышали или '
        'скопировали подсознательно. А судебные издержки на такие процессы '
        'могут достигать миллионов долларов.\n'
        '\n'
        'Скопировать ссылку ВКонтакте Ещё Telegram Чтобы скопировать ссылку, '
        'нажмите на неё и немного подержите '
        'https://yandex.ru/turbo?text=https://daily.afisha.ru/news/34736-programmisty-sgenerirovali-vse-vozmozhnye-melodii-i-vylozhili-ih-v-otkrytyy-dostup/&utm_source=share_link_button',
 'url': 'https://yandex.ru/turbo?text=https%3A%2F%2Fdaily.afisha.ru%2Fnews%2F34736-programmisty-sgenerirovali-vse-vozmozhnye-melodii-i-vylozhili-ih-v-otkrytyy-dostup%2F&promo=navbar&utm_referrer=https%3A%2F%2Fzen.yandex.com'}
