
UUID: 7a7a5ffe-6134-11ea-97ab-d850e607d4cd
TIME  15:01:00.925542
Action: main
Object: 
Status: OK
Variables:
{'cleaned': 'О древнем портовом городе см. Айяс\n'
            '\n'
            'Аяш[1] (тур. Ayaş) — район Турции в иле Анкара, на высоте 910 '
            'метров над уровнем моря, в 37 километрах к северо-западу от '
            'Анкары[2][3], столицы страны. Население Шаблон:15540 человек по '
            'данным 2018 года.\n'
            '\n'
            'Место славилось медными и серебряными рудниками, а также горячими '
            'источниками[2][3].\n'
            '\n'
            'ayas.bel.tr — официальный сайт района\n'
            '\n'
            '\n'
            '\n',
 'event': "<<class 'vk_api.bot_longpoll.VkBotMessageEvent'>({'type': "
          "'message_new', 'object': {'date': 1583668859, 'from_id': 385055904, "
          "'id': 545, 'out': 0, 'peer_id': 385055904, 'text': "
          "'https://ru.wikipedia.org/wiki/Аяш', 'conversation_message_id': "
          "544, 'fwd_messages': [], 'important': False, 'random_id': 0, "
          "'attachments': [], 'is_hidden': False}, 'group_id': 192264919, "
          "'event_id': '6a53840c535820435ccec0137a8d9d9379f6f561'})>",
 'msg_text': 'https://ru.wikipedia.org/wiki/Аяш',
 'parsing': <parsing.ParsingFile object at 0x04548D50>}

UUID: a1ef82de-6134-11ea-9417-d850e607d4cd
TIME  15:02:07.124348
Action: main
Object: 
Status: OK
Variables:
{'cleaned': 'Программисты сгенерировали все возможные мелодии. И сделали их '
            'общедоступными\n'
            '\n'
            'Два программиста-музыканта — Дэмиен Рил и Ноа Рубин — '
            'алгоритмически сгенерировали в MIDI-формате все возможные мелодии '
            'и записали их на жесткий диск. После этого программисты выложили '
            'записи в свободный доступ, используя лицензию Creative Commons '
            'Zero, пишет Vice.\n'
            '\n'
            'Алгоритм, созданный Рилом и Рубином, перебрал все возможные '
            'комбинации из восьми нот, образующих одну октаву, и размером 12 '
            'бит. Всего получилось 68,7 млрд комбинаций. Как утверждают '
            'разработчики, это все возможные мелодии, которые когда‑либо '
            'существовали или могут существовать. По их словам, программа '
            'способна генерировать по 300 тыс. мелодий в секунду.\n'
            '\n'
            'Реклама Рекламы нет\n'
            '\n'
            'Полученные комбинации программисты перенесли на жесткий диск в '
            'MIDI-формате, который позволяет записать мелодии при помощи цифр. '
            'Как отмечает Рил, который также является специалистом по '
            'авторскому праву, когда произведение переносится на материальный '
            'носитель, оно автоматически защищается авторским правом.\n'
            '\n'
            'Загрузка\n'
            '\n'
            'Возможность представить мелодии при помощи цифр поднимает и '
            'другой важный вопрос. «Может, если цифры существуют с начала '
            'времен, а мы их просто используем, тогда и мелодии ― просто '
            'математика, просто факты, которые не защищены авторским правом», '
            '― задается вопросом Рил.\n'
            '\n'
            'Некоторые юристы, на которых ссылается Vice, сомневаются, что '
            'такая стратегия действительно сделает все эти мелодии '
            'общедоступными. В конечном итоге проверить ее работоспособность '
            'можно будет только в суде.\n'
            '\n'
            'Рил и Рубин запустили этот проект, чтобы защитить музыкантов от '
            'судебных исков касательно авторских прав, которые, по их мнению, '
            'душат творческую свободу. Программисты отмечают, что зачастую '
            'артистов судят за плагиат песен, которые они никогда не слышали '
            'или скопировали подсознательно. А судебные издержки на такие '
            'процессы могут достигать миллионов долларов.\n'
            '\n'
            'Скопировать ссылку ВКонтакте Ещё Telegram Чтобы скопировать '
            'ссылку, нажмите на неё и немного подержите '
            'https://yandex.ru/turbo?text=https://daily.afisha.ru/news/34736-programmisty-sgenerirovali-vse-vozmozhnye-melodii-i-vylozhili-ih-v-otkrytyy-dostup/&utm_source=share_link_button',
 'event': "<<class 'vk_api.bot_longpoll.VkBotMessageEvent'>({'type': "
          "'message_new', 'object': {'date': 1583668926, 'from_id': 385055904, "
          "'id': 547, 'out': 0, 'peer_id': 385055904, 'text': '', "
          "'conversation_message_id': 546, 'fwd_messages': [], 'important': "
          "False, 'random_id': 0, 'attachments': [{'type': 'link', 'link': "
          "{'url': "
          "'https://yandex.ru/turbo?text=https%3A%2F%2Fdaily.afisha.ru%2Fnews%2F34736-programmisty-sgenerirovali-vse-vozmozhnye-melodii-i-vylozhili-ih-v-otkrytyy-dostup%2F&promo=navbar&utm_referrer=https%3A%2F%2Fzen.yandex.com', "
          "'title': '?4??4??4??4??4??4??4??4??4??4??4??5? "
          '?4??4??4??4??4??4??4??4??4??4??4??4??1? ?4??4??1? '
          '?4??4??4??4??4??4??4??5??1? ?4??4??4??4??4??4??1?. ?1? '
          '?4??4??4??4??4??4??1? ?4??1? '
          "?4??4??5??4??4??4??4??4??4??4??4??5??4??6?', 'caption': "
          "'yandex.ru', 'description': '?4??4??1? "
          '?4??4??4??4??4??4??4??4??4??4??4??1?-?4??4??4??5??4??4??4??4??1? '
          '?2? ?4??5??4??4??4??1? ?4??4??1? ?1? ?4??4??1? ?4??4??4??4??1? ?2? '
          '?4??4??4??4??4??4??4??4??4??4??4??4??4??1? '
          '?4??4??4??4??4??4??4??4??4??4??4??4??1? ?1? '
          'MIDI-?4??4??4??4??4??4??1? ?4??4??1? ?4??4??4??4??4??4??4??5??1? '
          '?4??4??4??4??4??4??1? ?1? ?4??4??4??4??4??4??4??1? ?4??1? ?4??1? '
          '?4??4??4??4??4??4??1? ?4??4??4??1?. ?4??4??4??4??1? ?5??4??4??4??1? '
          '?4??4??4??4??4??4??4??4??4??4??4??5? ?4??5??4??4??4??4??4??1? '
          '?4??4??4??4??4??1? ?1? ?4??4??4??4??4??4??4??5??1? '
          '?4??4??4??4??4??1?, ?4??4??4??4??4??5??4??4??5? '
          '?4??4??4??4??4??4??4??5? Creative Commons Zero, ?4??4??5??4??1? '
          'Vice. ?4??4??4??4??4??4??4??1?, ?4??4??4??4??4??4??4??5??1? '
          '?4??4??4??4??1? ?1? ?4??4??4??4??4??4??1?, ?4??4??4??4??4??4??4??1? '
          '?4??4??1? ?4??4??4??4??4??4??4??5??1? '
          '?4??4??4??4??4??4??4??4??4??1? ?4??1? ?4??4??4??5??4??1? ?4??4??1?, '
          '?4??4??4??4??4??4??5??5??4??1? ?4??4??4??1? ?4??4??4??4??4??1?, ?1? '
          "?4??4??4??4??4??4??4??1? 12 ?4??4??1?. ?4??4??4??4??6?', 'photo': "
          "{'id': 457290084, 'album_id': -26, 'owner_id': 2000002792, 'sizes': "
          "[{'type': 's', 'url': "
          "'https://sun9-34.userapi.com/c855736/v855736277/20a8e2/zyNh_7pL_fo.jpg', "
          "'width': 75, 'height': 39}, {'type': 'm', 'url': "
          "'https://sun9-35.userapi.com/c855736/v855736277/20a8e3/emCoToSCq9k.jpg', "
          "'width': 130, 'height': 68}, {'type': 'x', 'url': "
          "'https://sun9-63.userapi.com/c855736/v855736277/20a8e4/ZDvZ14hrrVc.jpg', "
          "'width': 444, 'height': 233}, {'type': 'o', 'url': "
          "'https://sun9-20.userapi.com/c855736/v855736277/20a8e5/abGHbX8kJ9k.jpg', "
          "'width': 130, 'height': 87}, {'type': 'p', 'url': "
          "'https://sun9-32.userapi.com/c855736/v855736277/20a8e6/X_rUpwsEwnM.jpg', "
          "'width': 200, 'height': 133}, {'type': 'q', 'url': "
          "'https://sun9-4.userapi.com/c855736/v855736277/20a8e7/UZ09MXI_cEI.jpg', "
          "'width': 320, 'height': 213}, {'type': 'r', 'url': "
          "'https://sun9-6.userapi.com/c855736/v855736277/20a8e8/mOizzMfGPxA.jpg', "
          "'width': 444, 'height': 233}], 'text': '', 'date': 1583668919}}}], "
          "'is_hidden': False}, 'group_id': 192264919, 'event_id': "
          "'572645f08d08f013f2f047e89e2df98abef690d5'})>",
 'msg_text': '',
 'parsing': <parsing.ParsingFile object at 0x045486B0>}

UUID: a1ef82de-6134-11ea-9417-d850e607d4cd
TIME  15:02:07.124348
Action: main
Object: 
Status: OK
Variables:
{'cleaned': 'Программисты сгенерировали все возможные мелодии. И сделали их '
            'общедоступными\n'
            '\n'
            'Два программиста-музыканта — Дэмиен Рил и Ноа Рубин — '
            'алгоритмически сгенерировали в MIDI-формате все возможные мелодии '
            'и записали их на жесткий диск. После этого программисты выложили '
            'записи в свободный доступ, используя лицензию Creative Commons '
            'Zero, пишет Vice.\n'
            '\n'
            'Алгоритм, созданный Рилом и Рубином, перебрал все возможные '
            'комбинации из восьми нот, образующих одну октаву, и размером 12 '
            'бит. Всего получилось 68,7 млрд комбинаций. Как утверждают '
            'разработчики, это все возможные мелодии, которые когда‑либо '
            'существовали или могут существовать. По их словам, программа '
            'способна генерировать по 300 тыс. мелодий в секунду.\n'
            '\n'
            'Реклама Рекламы нет\n'
            '\n'
            'Полученные комбинации программисты перенесли на жесткий диск в '
            'MIDI-формате, который позволяет записать мелодии при помощи цифр. '
            'Как отмечает Рил, который также является специалистом по '
            'авторскому праву, когда произведение переносится на материальный '
            'носитель, оно автоматически защищается авторским правом.\n'
            '\n'
            'Загрузка\n'
            '\n'
            'Возможность представить мелодии при помощи цифр поднимает и '
            'другой важный вопрос. «Может, если цифры существуют с начала '
            'времен, а мы их просто используем, тогда и мелодии ― просто '
            'математика, просто факты, которые не защищены авторским правом», '
            '― задается вопросом Рил.\n'
            '\n'
            'Некоторые юристы, на которых ссылается Vice, сомневаются, что '
            'такая стратегия действительно сделает все эти мелодии '
            'общедоступными. В конечном итоге проверить ее работоспособность '
            'можно будет только в суде.\n'
            '\n'
            'Рил и Рубин запустили этот проект, чтобы защитить музыкантов от '
            'судебных исков касательно авторских прав, которые, по их мнению, '
            'душат творческую свободу. Программисты отмечают, что зачастую '
            'артистов судят за плагиат песен, которые они никогда не слышали '
            'или скопировали подсознательно. А судебные издержки на такие '
            'процессы могут достигать миллионов долларов.\n'
            '\n'
            'Скопировать ссылку ВКонтакте Ещё Telegram Чтобы скопировать '
            'ссылку, нажмите на неё и немного подержите '
            'https://yandex.ru/turbo?text=https://daily.afisha.ru/news/34736-programmisty-sgenerirovali-vse-vozmozhnye-melodii-i-vylozhili-ih-v-otkrytyy-dostup/&utm_source=share_link_button',
 'event': "<<class 'vk_api.bot_longpoll.VkBotMessageEvent'>({'type': "
          "'message_new', 'object': {'date': 1583668926, 'from_id': 385055904, "
          "'id': 547, 'out': 0, 'peer_id': 385055904, 'text': '', "
          "'conversation_message_id': 546, 'fwd_messages': [], 'important': "
          "False, 'random_id': 0, 'attachments': [{'type': 'link', 'link': "
          "{'url': "
          "'https://yandex.ru/turbo?text=https%3A%2F%2Fdaily.afisha.ru%2Fnews%2F34736-programmisty-sgenerirovali-vse-vozmozhnye-melodii-i-vylozhili-ih-v-otkrytyy-dostup%2F&promo=navbar&utm_referrer=https%3A%2F%2Fzen.yandex.com', "
          "'title': '?4??4??4??4??4??4??4??4??4??4??4??5? "
          '?4??4??4??4??4??4??4??4??4??4??4??4??1? ?4??4??1? '
          '?4??4??4??4??4??4??4??5??1? ?4??4??4??4??4??4??1?. ?1? '
          '?4??4??4??4??4??4??1? ?4??1? '
          "?4??4??5??4??4??4??4??4??4??4??4??5??4??6?', 'caption': "
          "'yandex.ru', 'description': '?4??4??1? "
          '?4??4??4??4??4??4??4??4??4??4??4??1?-?4??4??4??5??4??4??4??4??1? '
          '?2? ?4??5??4??4??4??1? ?4??4??1? ?1? ?4??4??1? ?4??4??4??4??1? ?2? '
          '?4??4??4??4??4??4??4??4??4??4??4??4??4??1? '
          '?4??4??4??4??4??4??4??4??4??4??4??4??1? ?1? '
          'MIDI-?4??4??4??4??4??4??1? ?4??4??1? ?4??4??4??4??4??4??4??5??1? '
          '?4??4??4??4??4??4??1? ?1? ?4??4??4??4??4??4??4??1? ?4??1? ?4??1? '
          '?4??4??4??4??4??4??1? ?4??4??4??1?. ?4??4??4??4??1? ?5??4??4??4??1? '
          '?4??4??4??4??4??4??4??4??4??4??4??5? ?4??5??4??4??4??4??4??1? '
          '?4??4??4??4??4??1? ?1? ?4??4??4??4??4??4??4??5??1? '
          '?4??4??4??4??4??1?, ?4??4??4??4??4??5??4??4??5? '
          '?4??4??4??4??4??4??4??5? Creative Commons Zero, ?4??4??5??4??1? '
          'Vice. ?4??4??4??4??4??4??4??1?, ?4??4??4??4??4??4??4??5??1? '
          '?4??4??4??4??1? ?1? ?4??4??4??4??4??4??1?, ?4??4??4??4??4??4??4??1? '
          '?4??4??1? ?4??4??4??4??4??4??4??5??1? '
          '?4??4??4??4??4??4??4??4??4??1? ?4??1? ?4??4??4??5??4??1? ?4??4??1?, '
          '?4??4??4??4??4??4??5??5??4??1? ?4??4??4??1? ?4??4??4??4??4??1?, ?1? '
          "?4??4??4??4??4??4??4??1? 12 ?4??4??1?. ?4??4??4??4??6?', 'photo': "
          "{'id': 457290084, 'album_id': -26, 'owner_id': 2000002792, 'sizes': "
          "[{'type': 's', 'url': "
          "'https://sun9-34.userapi.com/c855736/v855736277/20a8e2/zyNh_7pL_fo.jpg', "
          "'width': 75, 'height': 39}, {'type': 'm', 'url': "
          "'https://sun9-35.userapi.com/c855736/v855736277/20a8e3/emCoToSCq9k.jpg', "
          "'width': 130, 'height': 68}, {'type': 'x', 'url': "
          "'https://sun9-63.userapi.com/c855736/v855736277/20a8e4/ZDvZ14hrrVc.jpg', "
          "'width': 444, 'height': 233}, {'type': 'o', 'url': "
          "'https://sun9-20.userapi.com/c855736/v855736277/20a8e5/abGHbX8kJ9k.jpg', "
          "'width': 130, 'height': 87}, {'type': 'p', 'url': "
          "'https://sun9-32.userapi.com/c855736/v855736277/20a8e6/X_rUpwsEwnM.jpg', "
          "'width': 200, 'height': 133}, {'type': 'q', 'url': "
          "'https://sun9-4.userapi.com/c855736/v855736277/20a8e7/UZ09MXI_cEI.jpg', "
          "'width': 320, 'height': 213}, {'type': 'r', 'url': "
          "'https://sun9-6.userapi.com/c855736/v855736277/20a8e8/mOizzMfGPxA.jpg', "
          "'width': 444, 'height': 233}], 'text': '', 'date': 1583668919}}}], "
          "'is_hidden': False}, 'group_id': 192264919, 'event_id': "
          "'572645f08d08f013f2f047e89e2df98abef690d5'})>",
 'msg_text': '',
 'parsing': <parsing.ParsingFile object at 0x045486B0>}

UUID: 44aca79c-613b-11ea-b46f-d850e607d4cd
TIME  15:49:37.135196
Action: main
Object: 
Status: OK
Variables:
{'cleaned': 'Ленинский\n'
            '\n'
            'Подскажите как быть. Сняла квартиру по надобности, через '
            'агентство, отвалила комиссию. Через 2 недели начал постоянно в '
            'мое отсутствие ходить хозяин и',
 'event': "<<class 'vk_api.bot_longpoll.VkBotMessageEvent'>({'type': "
          "'message_new', 'object': {'date': 1583671776, 'from_id': 385055904, "
          "'id': 549, 'out': 0, 'peer_id': 385055904, 'text': 'смотрите что я "
          'сделал: '
          "yandex.ru/turbo?text=https%3A%2F%2Fdaily.afisha.ru%2Fnews%2F34736-programmisty-sgenerirovali-vse-vozmozhnye-melodii-i-vylozhili-ih-v-otkrytyy-dostup%2F&promo=navbar&utm_referrer=https%3A%2F%2Fzen.yandex.com', "
          "'conversation_message_id': 548, 'fwd_messages': [], 'important': "
          "False, 'random_id': 0, 'attachments': [], 'is_hidden': False}, "
          "'group_id': 192264919, 'event_id': "
          "'cb03f6aed77492b02c6efdb3d8cfa50c91cc3612'})>",
 'msg_text': 'смотрите что я сделал: '
             'yandex.ru/turbo?text=https%3A%2F%2Fdaily.afisha.ru%2Fnews%2F34736-programmisty-sgenerirovali-vse-vozmozhnye-melodii-i-vylozhili-ih-v-otkrytyy-dostup%2F&promo=navbar&utm_referrer=https%3A%2F%2Fzen.yandex.com',
 'parsing': <parsing.ParsingFile object at 0x040259B0>}

UUID: 6df201de-613b-11ea-93c2-d850e607d4cd
TIME  15:50:46.376291
Action: main
Object: 
Status: OK
Variables:
{'cleaned': 'Ленинский\n'
            '\n'
            'Подскажите как быть. Сняла квартиру по надобности, через '
            'агентство, отвалила комиссию. Через 2 недели начал постоянно в '
            'мое отсутствие ходить хозяин и',
 'event': "<<class 'vk_api.bot_longpoll.VkBotMessageEvent'>({'type': "
          "'message_new', 'object': {'date': 1583671845, 'from_id': 385055904, "
          "'id': 552, 'out': 0, 'peer_id': 385055904, 'text': "
          "'yandex.ru/turbo?text=https%3A%2F%2Fdaily.afisha.ru%2Fnews%2F34736-programmisty-sgenerirovali-vse-vozmozhnye-melodii-i-vylozhili-ih-v-otkrytyy-dostup%2F&promo=navbar&utm_referrer=https%3A%2F%2Fzen.yandex.com', "
          "'conversation_message_id': 551, 'fwd_messages': [], 'important': "
          "False, 'random_id': 0, 'attachments': [], 'is_hidden': False}, "
          "'group_id': 192264919, 'event_id': "
          "'d131b9aec8847388dba837d3bfdcd16e08ea5a97'})>",
 'msg_text': 'yandex.ru/turbo?text=https%3A%2F%2Fdaily.afisha.ru%2Fnews%2F34736-programmisty-sgenerirovali-vse-vozmozhnye-melodii-i-vylozhili-ih-v-otkrytyy-dostup%2F&promo=navbar&utm_referrer=https%3A%2F%2Fzen.yandex.com',
 'parsing': <parsing.ParsingFile object at 0x040258F0>}

UUID: 6df201de-613b-11ea-93c2-d850e607d4cd
TIME  15:50:46.376291
Action: main
Object: 
Status: OK
Variables:
{'cleaned': 'Ленинский\n'
            '\n'
            'Подскажите как быть. Сняла квартиру по надобности, через '
            'агентство, отвалила комиссию. Через 2 недели начал постоянно в '
            'мое отсутствие ходить хозяин и',
 'event': "<<class 'vk_api.bot_longpoll.VkBotMessageEvent'>({'type': "
          "'message_new', 'object': {'date': 1583671845, 'from_id': 385055904, "
          "'id': 552, 'out': 0, 'peer_id': 385055904, 'text': "
          "'yandex.ru/turbo?text=https%3A%2F%2Fdaily.afisha.ru%2Fnews%2F34736-programmisty-sgenerirovali-vse-vozmozhnye-melodii-i-vylozhili-ih-v-otkrytyy-dostup%2F&promo=navbar&utm_referrer=https%3A%2F%2Fzen.yandex.com', "
          "'conversation_message_id': 551, 'fwd_messages': [], 'important': "
          "False, 'random_id': 0, 'attachments': [], 'is_hidden': False}, "
          "'group_id': 192264919, 'event_id': "
          "'d131b9aec8847388dba837d3bfdcd16e08ea5a97'})>",
 'msg_text': 'yandex.ru/turbo?text=https%3A%2F%2Fdaily.afisha.ru%2Fnews%2F34736-programmisty-sgenerirovali-vse-vozmozhnye-melodii-i-vylozhili-ih-v-otkrytyy-dostup%2F&promo=navbar&utm_referrer=https%3A%2F%2Fzen.yandex.com',
 'parsing': <parsing.ParsingFile object at 0x040258F0>}

UUID: f77835ee-613c-11ea-b02b-d850e607d4cd
TIME  16:01:46.600395
Action: main
Object: 
Status: OK
Variables:
{'cleaned': 'Программисты сгенерировали все возможные мелодии. И сделали их '
            'общедоступными\n'
            '\n'
            'Два программиста-музыканта — Дэмиен Рил и Ноа Рубин — '
            'алгоритмически сгенерировали в MIDI-формате все возможные мелодии '
            'и записали их на жесткий диск. После этого программисты выложили '
            'записи в свободный доступ, используя лицензию Creative Commons '
            'Zero, пишет Vice.\n'
            '\n'
            'Алгоритм, созданный Рилом и Рубином, перебрал все возможные '
            'комбинации из восьми нот, образующих одну октаву, и размером 12 '
            'бит. Всего получилось 68,7 млрд комбинаций. Как утверждают '
            'разработчики, это все возможные мелодии, которые когда‑либо '
            'существовали или могут существовать. По их словам, программа '
            'способна генерировать по 300 тыс. мелодий в секунду.\n'
            '\n'
            'Реклама Рекламы нет\n'
            '\n'
            'Полученные комбинации программисты перенесли на жесткий диск в '
            'MIDI-формате, который позволяет записать мелодии при помощи цифр. '
            'Как отмечает Рил, который также является специалистом по '
            'авторскому праву, когда произведение переносится на материальный '
            'носитель, оно автоматически защищается авторским правом.\n'
            '\n'
            'Загрузка\n'
            '\n'
            'Возможность представить мелодии при помощи цифр поднимает и '
            'другой важный вопрос. «Может, если цифры существуют с начала '
            'времен, а мы их просто используем, тогда и мелодии ― просто '
            'математика, просто факты, которые не защищены авторским правом», '
            '― задается вопросом Рил.\n'
            '\n'
            'Некоторые юристы, на которых ссылается Vice, сомневаются, что '
            'такая стратегия действительно сделает все эти мелодии '
            'общедоступными. В конечном итоге проверить ее работоспособность '
            'можно будет только в суде.\n'
            '\n'
            'Рил и Рубин запустили этот проект, чтобы защитить музыкантов от '
            'судебных исков касательно авторских прав, которые, по их мнению, '
            'душат творческую свободу. Программисты отмечают, что зачастую '
            'артистов судят за плагиат песен, которые они никогда не слышали '
            'или скопировали подсознательно. А судебные издержки на такие '
            'процессы могут достигать миллионов долларов.\n'
            '\n'
            'Скопировать ссылку ВКонтакте Ещё Telegram Чтобы скопировать '
            'ссылку, нажмите на неё и немного подержите '
            'https://yandex.ru/turbo?text=https://daily.afisha.ru/news/34736-programmisty-sgenerirovali-vse-vozmozhnye-melodii-i-vylozhili-ih-v-otkrytyy-dostup/&utm_source=share_link_button',
 'event': "<<class 'vk_api.bot_longpoll.VkBotMessageEvent'>({'type': "
          "'message_new', 'object': {'date': 1583672505, 'from_id': 385055904, "
          "'id': 554, 'out': 0, 'peer_id': 385055904, 'text': 'текст текст "
          'текст '
          "https://yandex.ru/turbo?text=https%3A%2F%2Fdaily.afisha.ru%2Fnews%2F34736-programmisty-sgenerirovali-vse-vozmozhnye-melodii-i-vylozhili-ih-v-otkrytyy-dostup%2F&promo=navbar&utm_referrer=https%3A%2F%2Fzen.yandex.com\\nвавыаыав', "
          "'conversation_message_id': 553, 'fwd_messages': [], 'important': "
          "False, 'random_id': 0, 'attachments': [{'type': 'link', 'link': "
          "{'url': "
          "'https://yandex.ru/turbo?text=https%3A%2F%2Fdaily.afisha.ru%2Fnews%2F34736-programmisty-sgenerirovali-vse-vozmozhnye-melodii-i-vylozhili-ih-v-otkrytyy-dostup%2F&promo=navbar&utm_referrer=https%3A%2F%2Fzen.yandex.com', "
          "'title': '?4??4??4??4??4??4??4??4??4??4??4??5? "
          '?4??4??4??4??4??4??4??4??4??4??4??4??1? ?4??4??1? '
          '?4??4??4??4??4??4??4??5??1? ?4??4??4??4??4??4??1?. ?1? '
          '?4??4??4??4??4??4??1? ?4??1? '
          "?4??4??5??4??4??4??4??4??4??4??4??5??4??6?', 'caption': "
          "'yandex.ru', 'description': '?4??4??1? "
          '?4??4??4??4??4??4??4??4??4??4??4??1?-?4??4??4??5??4??4??4??4??1? '
          '?2? ?4??5??4??4??4??1? ?4??4??1? ?1? ?4??4??1? ?4??4??4??4??1? ?2? '
          '?4??4??4??4??4??4??4??4??4??4??4??4??4??1? '
          '?4??4??4??4??4??4??4??4??4??4??4??4??1? ?1? '
          'MIDI-?4??4??4??4??4??4??1? ?4??4??1? ?4??4??4??4??4??4??4??5??1? '
          '?4??4??4??4??4??4??1? ?1? ?4??4??4??4??4??4??4??1? ?4??1? ?4??1? '
          '?4??4??4??4??4??4??1? ?4??4??4??1?. ?4??4??4??4??1? ?5??4??4??4??1? '
          '?4??4??4??4??4??4??4??4??4??4??4??5? ?4??5??4??4??4??4??4??1? '
          '?4??4??4??4??4??1? ?1? ?4??4??4??4??4??4??4??5??1? '
          '?4??4??4??4??4??1?, ?4??4??4??4??4??5??4??4??5? '
          '?4??4??4??4??4??4??4??5? Creative Commons Zero, ?4??4??5??4??1? '
          'Vice. ?4??4??4??4??4??4??4??1?, ?4??4??4??4??4??4??4??5??1? '
          '?4??4??4??4??1? ?1? ?4??4??4??4??4??4??1?, ?4??4??4??4??4??4??4??1? '
          '?4??4??1? ?4??4??4??4??4??4??4??5??1? '
          '?4??4??4??4??4??4??4??4??4??1? ?4??1? ?4??4??4??5??4??1? ?4??4??1?, '
          '?4??4??4??4??4??4??5??5??4??1? ?4??4??4??1? ?4??4??4??4??4??1?, ?1? '
          "?4??4??4??4??4??4??4??1? 12 ?4??4??1?. ?4??4??4??4??6?', 'photo': "
          "{'id': 457290641, 'album_id': -27, 'owner_id': 2000002777, 'sizes': "
          "[{'type': 's', 'url': "
          "'https://sun9-51.userapi.com/c858136/v858136634/18d975/fBc531Dw9Js.jpg', "
          "'width': 75, 'height': 39}, {'type': 'm', 'url': "
          "'https://sun9-61.userapi.com/c858136/v858136634/18d976/oKjpV-sMagk.jpg', "
          "'width': 130, 'height': 68}, {'type': 'x', 'url': "
          "'https://sun9-67.userapi.com/c858136/v858136634/18d977/-ll10MsPUVw.jpg', "
          "'width': 444, 'height': 233}, {'type': 'o', 'url': "
          "'https://sun9-22.userapi.com/c858136/v858136634/18d978/YCJHVHeMXZ0.jpg', "
          "'width': 130, 'height': 87}, {'type': 'p', 'url': "
          "'https://sun9-3.userapi.com/c858136/v858136634/18d979/4PU1_JaJyCw.jpg', "
          "'width': 200, 'height': 133}, {'type': 'q', 'url': "
          "'https://sun9-60.userapi.com/c858136/v858136634/18d97a/P3XEFpzZyD0.jpg', "
          "'width': 320, 'height': 213}, {'type': 'r', 'url': "
          "'https://sun9-25.userapi.com/c858136/v858136634/18d97b/mrWEXv_PGzo.jpg', "
          "'width': 444, 'height': 233}], 'text': '', 'date': 1583672504}}}], "
          "'is_hidden': False}, 'group_id': 192264919, 'event_id': "
          "'36a5779668d510c3cefb48625bf49d8dd12602ca'})>",
 'msg_text': 'текст текст текст '
             'https://yandex.ru/turbo?text=https%3A%2F%2Fdaily.afisha.ru%2Fnews%2F34736-programmisty-sgenerirovali-vse-vozmozhnye-melodii-i-vylozhili-ih-v-otkrytyy-dostup%2F&promo=navbar&utm_referrer=https%3A%2F%2Fzen.yandex.com\n'
             'вавыаыав',
 'parsing': <parsing.ParsingFile object at 0x044B6B10>}

UUID: 069bef98-613d-11ea-af85-d850e607d4cd
TIME  16:02:12.000347
Action: main
Object: 
Status: OK
Variables:
{'cleaned': 'Программисты сгенерировали все возможные мелодии. И сделали их '
            'общедоступными\n'
            '\n'
            'Два программиста-музыканта — Дэмиен Рил и Ноа Рубин — '
            'алгоритмически сгенерировали в MIDI-формате все возможные мелодии '
            'и записали их на жесткий диск. После этого программисты выложили '
            'записи в свободный доступ, используя лицензию Creative Commons '
            'Zero, пишет Vice.\n'
            '\n'
            'Алгоритм, созданный Рилом и Рубином, перебрал все возможные '
            'комбинации из восьми нот, образующих одну октаву, и размером 12 '
            'бит. Всего получилось 68,7 млрд комбинаций. Как утверждают '
            'разработчики, это все возможные мелодии, которые когда‑либо '
            'существовали или могут существовать. По их словам, программа '
            'способна генерировать по 300 тыс. мелодий в секунду.\n'
            '\n'
            'Реклама Рекламы нет\n'
            '\n'
            'Полученные комбинации программисты перенесли на жесткий диск в '
            'MIDI-формате, который позволяет записать мелодии при помощи цифр. '
            'Как отмечает Рил, который также является специалистом по '
            'авторскому праву, когда произведение переносится на материальный '
            'носитель, оно автоматически защищается авторским правом.\n'
            '\n'
            'Загрузка\n'
            '\n'
            'Возможность представить мелодии при помощи цифр поднимает и '
            'другой важный вопрос. «Может, если цифры существуют с начала '
            'времен, а мы их просто используем, тогда и мелодии ― просто '
            'математика, просто факты, которые не защищены авторским правом», '
            '― задается вопросом Рил.\n'
            '\n'
            'Некоторые юристы, на которых ссылается Vice, сомневаются, что '
            'такая стратегия действительно сделает все эти мелодии '
            'общедоступными. В конечном итоге проверить ее работоспособность '
            'можно будет только в суде.\n'
            '\n'
            'Рил и Рубин запустили этот проект, чтобы защитить музыкантов от '
            'судебных исков касательно авторских прав, которые, по их мнению, '
            'душат творческую свободу. Программисты отмечают, что зачастую '
            'артистов судят за плагиат песен, которые они никогда не слышали '
            'или скопировали подсознательно. А судебные издержки на такие '
            'процессы могут достигать миллионов долларов.\n'
            '\n'
            'Скопировать ссылку ВКонтакте Ещё Telegram Чтобы скопировать '
            'ссылку, нажмите на неё и немного подержите '
            'https://yandex.ru/turbo?text=https://daily.afisha.ru/news/34736-programmisty-sgenerirovali-vse-vozmozhnye-melodii-i-vylozhili-ih-v-otkrytyy-dostup/&utm_source=share_link_button',
 'event': "<<class 'vk_api.bot_longpoll.VkBotMessageEvent'>({'type': "
          "'message_new', 'object': {'date': 1583672530, 'from_id': 385055904, "
          "'id': 556, 'out': 0, 'peer_id': 385055904, 'text': 'текст текст "
          'текст '
          'https://yandex.ru/turbo?text=https%3A%2F%2Fdaily.afisha.ru%2Fnews%2F34736-programmisty-sgenerirovali-vse-vozmozhnye-melodii-i-vylozhili-ih-v-otkrytyy-dostup%2F&promo=navbar&utm_referrer=https%3A%2F%2Fzen.yandex.com '
          "\\nвавыаыав', 'conversation_message_id': 555, 'fwd_messages': [], "
          "'important': False, 'random_id': 0, 'attachments': [], 'is_hidden': "
          "False}, 'group_id': 192264919, 'event_id': "
          "'45d505d305965aa1b4f2313d7eb9b1ea6e6108ce'})>",
 'msg_text': 'текст текст текст '
             'https://yandex.ru/turbo?text=https%3A%2F%2Fdaily.afisha.ru%2Fnews%2F34736-programmisty-sgenerirovali-vse-vozmozhnye-melodii-i-vylozhili-ih-v-otkrytyy-dostup%2F&promo=navbar&utm_referrer=https%3A%2F%2Fzen.yandex.com \n'
             'вавыаыав',
 'parsing': <parsing.ParsingFile object at 0x044A9750>}

UUID: 069bef98-613d-11ea-af85-d850e607d4cd
TIME  16:02:12.000347
Action: main
Object: 
Status: OK
Variables:
{'cleaned': 'Программисты сгенерировали все возможные мелодии. И сделали их '
            'общедоступными\n'
            '\n'
            'Два программиста-музыканта — Дэмиен Рил и Ноа Рубин — '
            'алгоритмически сгенерировали в MIDI-формате все возможные мелодии '
            'и записали их на жесткий диск. После этого программисты выложили '
            'записи в свободный доступ, используя лицензию Creative Commons '
            'Zero, пишет Vice.\n'
            '\n'
            'Алгоритм, созданный Рилом и Рубином, перебрал все возможные '
            'комбинации из восьми нот, образующих одну октаву, и размером 12 '
            'бит. Всего получилось 68,7 млрд комбинаций. Как утверждают '
            'разработчики, это все возможные мелодии, которые когда‑либо '
            'существовали или могут существовать. По их словам, программа '
            'способна генерировать по 300 тыс. мелодий в секунду.\n'
            '\n'
            'Реклама Рекламы нет\n'
            '\n'
            'Полученные комбинации программисты перенесли на жесткий диск в '
            'MIDI-формате, который позволяет записать мелодии при помощи цифр. '
            'Как отмечает Рил, который также является специалистом по '
            'авторскому праву, когда произведение переносится на материальный '
            'носитель, оно автоматически защищается авторским правом.\n'
            '\n'
            'Загрузка\n'
            '\n'
            'Возможность представить мелодии при помощи цифр поднимает и '
            'другой важный вопрос. «Может, если цифры существуют с начала '
            'времен, а мы их просто используем, тогда и мелодии ― просто '
            'математика, просто факты, которые не защищены авторским правом», '
            '― задается вопросом Рил.\n'
            '\n'
            'Некоторые юристы, на которых ссылается Vice, сомневаются, что '
            'такая стратегия действительно сделает все эти мелодии '
            'общедоступными. В конечном итоге проверить ее работоспособность '
            'можно будет только в суде.\n'
            '\n'
            'Рил и Рубин запустили этот проект, чтобы защитить музыкантов от '
            'судебных исков касательно авторских прав, которые, по их мнению, '
            'душат творческую свободу. Программисты отмечают, что зачастую '
            'артистов судят за плагиат песен, которые они никогда не слышали '
            'или скопировали подсознательно. А судебные издержки на такие '
            'процессы могут достигать миллионов долларов.\n'
            '\n'
            'Скопировать ссылку ВКонтакте Ещё Telegram Чтобы скопировать '
            'ссылку, нажмите на неё и немного подержите '
            'https://yandex.ru/turbo?text=https://daily.afisha.ru/news/34736-programmisty-sgenerirovali-vse-vozmozhnye-melodii-i-vylozhili-ih-v-otkrytyy-dostup/&utm_source=share_link_button',
 'event': "<<class 'vk_api.bot_longpoll.VkBotMessageEvent'>({'type': "
          "'message_new', 'object': {'date': 1583672530, 'from_id': 385055904, "
          "'id': 556, 'out': 0, 'peer_id': 385055904, 'text': 'текст текст "
          'текст '
          'https://yandex.ru/turbo?text=https%3A%2F%2Fdaily.afisha.ru%2Fnews%2F34736-programmisty-sgenerirovali-vse-vozmozhnye-melodii-i-vylozhili-ih-v-otkrytyy-dostup%2F&promo=navbar&utm_referrer=https%3A%2F%2Fzen.yandex.com '
          "\\nвавыаыав', 'conversation_message_id': 555, 'fwd_messages': [], "
          "'important': False, 'random_id': 0, 'attachments': [], 'is_hidden': "
          "False}, 'group_id': 192264919, 'event_id': "
          "'45d505d305965aa1b4f2313d7eb9b1ea6e6108ce'})>",
 'msg_text': 'текст текст текст '
             'https://yandex.ru/turbo?text=https%3A%2F%2Fdaily.afisha.ru%2Fnews%2F34736-programmisty-sgenerirovali-vse-vozmozhnye-melodii-i-vylozhili-ih-v-otkrytyy-dostup%2F&promo=navbar&utm_referrer=https%3A%2F%2Fzen.yandex.com \n'
             'вавыаыав',
 'parsing': <parsing.ParsingFile object at 0x044A9750>}

UUID: 12a585f0-613d-11ea-8f96-d850e607d4cd
TIME  16:02:32.195838
Action: main
Object: 
Status: OK
Variables:
{'cleaned': 'Программисты сгенерировали все возможные мелодии. И сделали их '
            'общедоступными\n'
            '\n'
            'Два программиста-музыканта — Дэмиен Рил и Ноа Рубин — '
            'алгоритмически сгенерировали в MIDI-формате все возможные мелодии '
            'и записали их на жесткий диск. После этого программисты выложили '
            'записи в свободный доступ, используя лицензию Creative Commons '
            'Zero, пишет Vice.\n'
            '\n'
            'Алгоритм, созданный Рилом и Рубином, перебрал все возможные '
            'комбинации из восьми нот, образующих одну октаву, и размером 12 '
            'бит. Всего получилось 68,7 млрд комбинаций. Как утверждают '
            'разработчики, это все возможные мелодии, которые когда‑либо '
            'существовали или могут существовать. По их словам, программа '
            'способна генерировать по 300 тыс. мелодий в секунду.\n'
            '\n'
            'Реклама Рекламы нет\n'
            '\n'
            'Полученные комбинации программисты перенесли на жесткий диск в '
            'MIDI-формате, который позволяет записать мелодии при помощи цифр. '
            'Как отмечает Рил, который также является специалистом по '
            'авторскому праву, когда произведение переносится на материальный '
            'носитель, оно автоматически защищается авторским правом.\n'
            '\n'
            'Загрузка\n'
            '\n'
            'Возможность представить мелодии при помощи цифр поднимает и '
            'другой важный вопрос. «Может, если цифры существуют с начала '
            'времен, а мы их просто используем, тогда и мелодии ― просто '
            'математика, просто факты, которые не защищены авторским правом», '
            '― задается вопросом Рил.\n'
            '\n'
            'Некоторые юристы, на которых ссылается Vice, сомневаются, что '
            'такая стратегия действительно сделает все эти мелодии '
            'общедоступными. В конечном итоге проверить ее работоспособность '
            'можно будет только в суде.\n'
            '\n'
            'Рил и Рубин запустили этот проект, чтобы защитить музыкантов от '
            'судебных исков касательно авторских прав, которые, по их мнению, '
            'душат творческую свободу. Программисты отмечают, что зачастую '
            'артистов судят за плагиат песен, которые они никогда не слышали '
            'или скопировали подсознательно. А судебные издержки на такие '
            'процессы могут достигать миллионов долларов.\n'
            '\n'
            'Скопировать ссылку ВКонтакте Ещё Telegram Чтобы скопировать '
            'ссылку, нажмите на неё и немного подержите '
            'https://yandex.ru/turbo?text=https://daily.afisha.ru/news/34736-programmisty-sgenerirovali-vse-vozmozhnye-melodii-i-vylozhili-ih-v-otkrytyy-dostup/&utm_source=share_link_button',
 'event': "<<class 'vk_api.bot_longpoll.VkBotMessageEvent'>({'type': "
          "'message_new', 'object': {'date': 1583672551, 'from_id': 385055904, "
          "'id': 558, 'out': 0, 'peer_id': 385055904, 'text': 'текст текст "
          'текст '
          'yandex.ru/turbo?text=https%3A%2F%2Fdaily.afisha.ru%2Fnews%2F34736-programmisty-sgenerirovali-vse-vozmozhnye-melodii-i-vylozhili-ih-v-otkrytyy-dostup%2F&promo=navbar&utm_referrer=https%3A%2F%2Fzen.yandex.com '
          "\\nвавыаыав', 'conversation_message_id': 557, 'fwd_messages': [], "
          "'important': False, 'random_id': 0, 'attachments': [], 'is_hidden': "
          "False}, 'group_id': 192264919, 'event_id': "
          "'54f58ed596665ebd3162f1e93f1886e3c227394e'})>",
 'msg_text': 'текст текст текст '
             'yandex.ru/turbo?text=https%3A%2F%2Fdaily.afisha.ru%2Fnews%2F34736-programmisty-sgenerirovali-vse-vozmozhnye-melodii-i-vylozhili-ih-v-otkrytyy-dostup%2F&promo=navbar&utm_referrer=https%3A%2F%2Fzen.yandex.com \n'
             'вавыаыав',
 'parsing': <parsing.ParsingFile object at 0x044B6D70>}

UUID: 12a585f0-613d-11ea-8f96-d850e607d4cd
TIME  16:02:32.195838
Action: main
Object: 
Status: OK
Variables:
{'cleaned': 'Программисты сгенерировали все возможные мелодии. И сделали их '
            'общедоступными\n'
            '\n'
            'Два программиста-музыканта — Дэмиен Рил и Ноа Рубин — '
            'алгоритмически сгенерировали в MIDI-формате все возможные мелодии '
            'и записали их на жесткий диск. После этого программисты выложили '
            'записи в свободный доступ, используя лицензию Creative Commons '
            'Zero, пишет Vice.\n'
            '\n'
            'Алгоритм, созданный Рилом и Рубином, перебрал все возможные '
            'комбинации из восьми нот, образующих одну октаву, и размером 12 '
            'бит. Всего получилось 68,7 млрд комбинаций. Как утверждают '
            'разработчики, это все возможные мелодии, которые когда‑либо '
            'существовали или могут существовать. По их словам, программа '
            'способна генерировать по 300 тыс. мелодий в секунду.\n'
            '\n'
            'Реклама Рекламы нет\n'
            '\n'
            'Полученные комбинации программисты перенесли на жесткий диск в '
            'MIDI-формате, который позволяет записать мелодии при помощи цифр. '
            'Как отмечает Рил, который также является специалистом по '
            'авторскому праву, когда произведение переносится на материальный '
            'носитель, оно автоматически защищается авторским правом.\n'
            '\n'
            'Загрузка\n'
            '\n'
            'Возможность представить мелодии при помощи цифр поднимает и '
            'другой важный вопрос. «Может, если цифры существуют с начала '
            'времен, а мы их просто используем, тогда и мелодии ― просто '
            'математика, просто факты, которые не защищены авторским правом», '
            '― задается вопросом Рил.\n'
            '\n'
            'Некоторые юристы, на которых ссылается Vice, сомневаются, что '
            'такая стратегия действительно сделает все эти мелодии '
            'общедоступными. В конечном итоге проверить ее работоспособность '
            'можно будет только в суде.\n'
            '\n'
            'Рил и Рубин запустили этот проект, чтобы защитить музыкантов от '
            'судебных исков касательно авторских прав, которые, по их мнению, '
            'душат творческую свободу. Программисты отмечают, что зачастую '
            'артистов судят за плагиат песен, которые они никогда не слышали '
            'или скопировали подсознательно. А судебные издержки на такие '
            'процессы могут достигать миллионов долларов.\n'
            '\n'
            'Скопировать ссылку ВКонтакте Ещё Telegram Чтобы скопировать '
            'ссылку, нажмите на неё и немного подержите '
            'https://yandex.ru/turbo?text=https://daily.afisha.ru/news/34736-programmisty-sgenerirovali-vse-vozmozhnye-melodii-i-vylozhili-ih-v-otkrytyy-dostup/&utm_source=share_link_button',
 'event': "<<class 'vk_api.bot_longpoll.VkBotMessageEvent'>({'type': "
          "'message_new', 'object': {'date': 1583672551, 'from_id': 385055904, "
          "'id': 558, 'out': 0, 'peer_id': 385055904, 'text': 'текст текст "
          'текст '
          'yandex.ru/turbo?text=https%3A%2F%2Fdaily.afisha.ru%2Fnews%2F34736-programmisty-sgenerirovali-vse-vozmozhnye-melodii-i-vylozhili-ih-v-otkrytyy-dostup%2F&promo=navbar&utm_referrer=https%3A%2F%2Fzen.yandex.com '
          "\\nвавыаыав', 'conversation_message_id': 557, 'fwd_messages': [], "
          "'important': False, 'random_id': 0, 'attachments': [], 'is_hidden': "
          "False}, 'group_id': 192264919, 'event_id': "
          "'54f58ed596665ebd3162f1e93f1886e3c227394e'})>",
 'msg_text': 'текст текст текст '
             'yandex.ru/turbo?text=https%3A%2F%2Fdaily.afisha.ru%2Fnews%2F34736-programmisty-sgenerirovali-vse-vozmozhnye-melodii-i-vylozhili-ih-v-otkrytyy-dostup%2F&promo=navbar&utm_referrer=https%3A%2F%2Fzen.yandex.com \n'
             'вавыаыав',
 'parsing': <parsing.ParsingFile object at 0x044B6D70>}

UUID: 12a585f0-613d-11ea-8f96-d850e607d4cd
TIME  16:02:32.195838
Action: main
Object: 
Status: OK
Variables:
{'cleaned': 'Программисты сгенерировали все возможные мелодии. И сделали их '
            'общедоступными\n'
            '\n'
            'Два программиста-музыканта — Дэмиен Рил и Ноа Рубин — '
            'алгоритмически сгенерировали в MIDI-формате все возможные мелодии '
            'и записали их на жесткий диск. После этого программисты выложили '
            'записи в свободный доступ, используя лицензию Creative Commons '
            'Zero, пишет Vice.\n'
            '\n'
            'Алгоритм, созданный Рилом и Рубином, перебрал все возможные '
            'комбинации из восьми нот, образующих одну октаву, и размером 12 '
            'бит. Всего получилось 68,7 млрд комбинаций. Как утверждают '
            'разработчики, это все возможные мелодии, которые когда‑либо '
            'существовали или могут существовать. По их словам, программа '
            'способна генерировать по 300 тыс. мелодий в секунду.\n'
            '\n'
            'Реклама Рекламы нет\n'
            '\n'
            'Полученные комбинации программисты перенесли на жесткий диск в '
            'MIDI-формате, который позволяет записать мелодии при помощи цифр. '
            'Как отмечает Рил, который также является специалистом по '
            'авторскому праву, когда произведение переносится на материальный '
            'носитель, оно автоматически защищается авторским правом.\n'
            '\n'
            'Загрузка\n'
            '\n'
            'Возможность представить мелодии при помощи цифр поднимает и '
            'другой важный вопрос. «Может, если цифры существуют с начала '
            'времен, а мы их просто используем, тогда и мелодии ― просто '
            'математика, просто факты, которые не защищены авторским правом», '
            '― задается вопросом Рил.\n'
            '\n'
            'Некоторые юристы, на которых ссылается Vice, сомневаются, что '
            'такая стратегия действительно сделает все эти мелодии '
            'общедоступными. В конечном итоге проверить ее работоспособность '
            'можно будет только в суде.\n'
            '\n'
            'Рил и Рубин запустили этот проект, чтобы защитить музыкантов от '
            'судебных исков касательно авторских прав, которые, по их мнению, '
            'душат творческую свободу. Программисты отмечают, что зачастую '
            'артистов судят за плагиат песен, которые они никогда не слышали '
            'или скопировали подсознательно. А судебные издержки на такие '
            'процессы могут достигать миллионов долларов.\n'
            '\n'
            'Скопировать ссылку ВКонтакте Ещё Telegram Чтобы скопировать '
            'ссылку, нажмите на неё и немного подержите '
            'https://yandex.ru/turbo?text=https://daily.afisha.ru/news/34736-programmisty-sgenerirovali-vse-vozmozhnye-melodii-i-vylozhili-ih-v-otkrytyy-dostup/&utm_source=share_link_button',
 'event': "<<class 'vk_api.bot_longpoll.VkBotMessageEvent'>({'type': "
          "'message_new', 'object': {'date': 1583672551, 'from_id': 385055904, "
          "'id': 558, 'out': 0, 'peer_id': 385055904, 'text': 'текст текст "
          'текст '
          'yandex.ru/turbo?text=https%3A%2F%2Fdaily.afisha.ru%2Fnews%2F34736-programmisty-sgenerirovali-vse-vozmozhnye-melodii-i-vylozhili-ih-v-otkrytyy-dostup%2F&promo=navbar&utm_referrer=https%3A%2F%2Fzen.yandex.com '
          "\\nвавыаыав', 'conversation_message_id': 557, 'fwd_messages': [], "
          "'important': False, 'random_id': 0, 'attachments': [], 'is_hidden': "
          "False}, 'group_id': 192264919, 'event_id': "
          "'54f58ed596665ebd3162f1e93f1886e3c227394e'})>",
 'msg_text': 'текст текст текст '
             'yandex.ru/turbo?text=https%3A%2F%2Fdaily.afisha.ru%2Fnews%2F34736-programmisty-sgenerirovali-vse-vozmozhnye-melodii-i-vylozhili-ih-v-otkrytyy-dostup%2F&promo=navbar&utm_referrer=https%3A%2F%2Fzen.yandex.com \n'
             'вавыаыав',
 'parsing': <parsing.ParsingFile object at 0x044B6D70>}
